TN:
SF:src/funko.ts
FN:4,(anonymous_0)
FN:27,(anonymous_1)
FN:34,(anonymous_2)
FN:41,(anonymous_3)
FN:48,(anonymous_4)
FN:55,(anonymous_5)
FN:62,(anonymous_6)
FN:69,(anonymous_7)
FN:76,(anonymous_8)
FN:83,(anonymous_9)
FN:90,(anonymous_10)
FN:97,(anonymous_11)
FNF:12
FNH:12
FNDA:1,(anonymous_0)
FNDA:7,(anonymous_1)
FNDA:19,(anonymous_2)
FNDA:2,(anonymous_3)
FNDA:2,(anonymous_4)
FNDA:2,(anonymous_5)
FNDA:2,(anonymous_6)
FNDA:2,(anonymous_7)
FNDA:2,(anonymous_8)
FNDA:2,(anonymous_9)
FNDA:2,(anonymous_10)
FNDA:2,(anonymous_11)
DA:4,1
DA:5,1
DA:6,1
DA:7,1
DA:8,1
DA:14,1
DA:27,7
DA:28,7
DA:29,7
DA:35,19
DA:42,2
DA:49,2
DA:56,2
DA:63,2
DA:70,2
DA:77,2
DA:84,2
DA:91,2
DA:98,2
LF:19
LH:19
BRDA:4,0,0,1
BRDA:4,0,1,1
BRF:2
BRH:2
end_of_record
TN:
SF:src/usuario.ts
FN:13,(anonymous_0)
FN:18,(anonymous_1)
FN:25,(anonymous_2)
FN:32,(anonymous_3)
FN:36,(anonymous_4)
FN:37,(anonymous_5)
FN:45,(anonymous_6)
FN:46,(anonymous_7)
FN:55,(anonymous_8)
FN:56,(anonymous_9)
FN:65,(anonymous_10)
FN:69,(anonymous_11)
FNF:12
FNH:10
FNDA:1,(anonymous_0)
FNDA:1,(anonymous_1)
FNDA:1,(anonymous_2)
FNDA:10,(anonymous_3)
FNDA:2,(anonymous_4)
FNDA:3,(anonymous_5)
FNDA:2,(anonymous_6)
FNDA:4,(anonymous_7)
FNDA:2,(anonymous_8)
FNDA:3,(anonymous_9)
FNDA:0,(anonymous_10)
FNDA:0,(anonymous_11)
DA:6,1
DA:13,1
DA:19,1
DA:26,1
DA:33,10
DA:37,3
DA:38,1
DA:46,4
DA:47,2
DA:48,1
DA:56,3
DA:57,2
DA:58,1
LF:13
LH:13
BRDA:37,0,0,1
BRDA:37,0,1,1
BRDA:47,1,0,1
BRDA:47,1,1,1
BRDA:57,2,0,1
BRDA:57,2,1,1
BRF:6
BRH:6
end_of_record
